2025-12-13 19:00:45 PM [info]: Server is running on port 5000
2025-12-13 19:00:47 PM [info]: MongoDB Connected: ac-bnyjmjh-shard-00-00.dzvzd6p.mongodb.net
2025-12-13 19:01:01 PM [info]: Server is running on port 5000
2025-12-13 19:01:02 PM [warn]: MongoDB Connected: ac-bnyjmjh-shard-00-00.dzvzd6p.mongodb.net
2025-12-13 19:01:11 PM [info]: Server is running on port 5000
2025-12-13 19:01:12 PM [info]: MongoDB Connected: ac-bnyjmjh-shard-00-00.dzvzd6p.mongodb.net
2025-12-17 11:13:25 AM [info]: Server is running on port 5000
2025-12-17 11:13:26 AM [info]: MongoDB Connected: ac-bnyjmjh-shard-00-00.dzvzd6p.mongodb.net
2025-12-17 19:16:12 PM [info]: Server is running on port 5000
2025-12-17 19:16:13 PM [info]: MongoDB Connected: ac-bnyjmjh-shard-00-00.dzvzd6p.mongodb.net
2025-12-17 19:36:26 PM [info]: Server is running on port 5000
2025-12-17 19:36:27 PM [info]: MongoDB Connected: ac-bnyjmjh-shard-00-00.dzvzd6p.mongodb.net
2025-12-18 20:14:05 PM [info]: MongoDB Connected: ac-bnyjmjh-shard-00-00.dzvzd6p.mongodb.net
2025-12-18 20:21:47 PM [info]: MongoDB Connected: ac-bnyjmjh-shard-00-00.dzvzd6p.mongodb.net
2025-12-18 20:25:20 PM [info]: MongoDB Connected: ac-bnyjmjh-shard-00-00.dzvzd6p.mongodb.net
2025-12-18 20:27:28 PM [info]: MongoDB Connected: ac-bnyjmjh-shard-00-00.dzvzd6p.mongodb.net
2025-12-18 20:36:44 PM [info]: MongoDB Connected: ac-bnyjmjh-shard-00-00.dzvzd6p.mongodb.net
2025-12-18 20:37:31 PM [info]: MongoDB Connected: ac-bnyjmjh-shard-00-00.dzvzd6p.mongodb.net
2025-12-18 20:48:06 PM [info]: MongoDB Connected: ac-bnyjmjh-shard-00-00.dzvzd6p.mongodb.net
2025-12-20 11:39:48 AM [info]: MongoDB Connected: ac-bnyjmjh-shard-00-00.dzvzd6p.mongodb.net
2025-12-20 11:47:36 AM [info]: MongoDB Connected: ac-bnyjmjh-shard-00-00.dzvzd6p.mongodb.net
2025-12-20 11:47:43 AM [info]: MongoDB Connected: ac-bnyjmjh-shard-00-00.dzvzd6p.mongodb.net
2025-12-20 11:47:53 AM [info]: MongoDB Connected: ac-bnyjmjh-shard-00-00.dzvzd6p.mongodb.net
2025-12-20 11:48:08 AM [info]: MongoDB Connected: ac-bnyjmjh-shard-00-00.dzvzd6p.mongodb.net
2025-12-20 11:48:34 AM [info]: MongoDB Connected: ac-bnyjmjh-shard-00-00.dzvzd6p.mongodb.net
2025-12-20 18:59:00 PM [info]: MongoDB Connected: ac-bnyjmjh-shard-00-00.dzvzd6p.mongodb.net
2025-12-20 19:30:49 PM [info]: MongoDB Connected: ac-bnyjmjh-shard-00-00.dzvzd6p.mongodb.net
2025-12-20 19:31:18 PM [info]: MongoDB Connected: ac-bnyjmjh-shard-00-00.dzvzd6p.mongodb.net
2025-12-20 19:31:46 PM [info]: MongoDB Connected: ac-bnyjmjh-shard-00-00.dzvzd6p.mongodb.net
2025-12-20 19:31:57 PM [info]: MongoDB Connected: ac-bnyjmjh-shard-00-00.dzvzd6p.mongodb.net
2025-12-20 19:33:07 PM [info]: MongoDB Connected: ac-bnyjmjh-shard-00-00.dzvzd6p.mongodb.net
2025-12-20 19:33:59 PM [info]: MongoDB Connected: ac-bnyjmjh-shard-00-00.dzvzd6p.mongodb.net
2025-12-20 19:33:59 PM [info]: Server running on port 5000
2025-12-20 19:34:15 PM [info]: MongoDB Connected: ac-bnyjmjh-shard-00-00.dzvzd6p.mongodb.net
2025-12-20 19:34:15 PM [info]: Server running on port 5000
2025-12-21 11:28:44 AM [info]: MongoDB Connected: ac-bnyjmjh-shard-00-00.dzvzd6p.mongodb.net
2025-12-21 11:28:44 AM [info]: Server running on port 5000
2025-12-21 11:29:15 AM [info]: MongoDB Connected: ac-bnyjmjh-shard-00-00.dzvzd6p.mongodb.net
2025-12-21 11:29:15 AM [info]: Server running on port 5000
2025-12-21 11:29:30 AM [info]: MongoDB Connected: ac-bnyjmjh-shard-00-00.dzvzd6p.mongodb.net
2025-12-21 11:29:30 AM [info]: Server running on port 5000
2025-12-21 11:31:17 AM [info]: MongoDB Connected: ac-bnyjmjh-shard-00-00.dzvzd6p.mongodb.net
2025-12-21 11:31:17 AM [info]: Server running on port 5000
2025-12-21 11:32:11 AM [info]: MongoDB Connected: ac-bnyjmjh-shard-00-00.dzvzd6p.mongodb.net
2025-12-21 11:32:11 AM [info]: Server running on port 5000
2025-12-21 11:33:17 AM [info]: MongoDB Connected: ac-bnyjmjh-shard-00-00.dzvzd6p.mongodb.net
2025-12-21 11:33:42 AM [info]: MongoDB Connected: ac-bnyjmjh-shard-00-00.dzvzd6p.mongodb.net
2025-12-21 11:33:57 AM [info]: MongoDB Connected: ac-bnyjmjh-shard-00-00.dzvzd6p.mongodb.net
2025-12-21 11:34:32 AM [info]: MongoDB Connected: ac-bnyjmjh-shard-00-00.dzvzd6p.mongodb.net
2025-12-21 11:34:45 AM [info]: MongoDB Connected: ac-bnyjmjh-shard-00-00.dzvzd6p.mongodb.net
2025-12-21 11:37:44 AM [info]: MongoDB Connected: ac-bnyjmjh-shard-00-00.dzvzd6p.mongodb.net
2025-12-21 11:37:44 AM [info]: Server running on port 5000
2025-12-21 11:38:50 AM [info]: MongoDB Connected: ac-bnyjmjh-shard-00-00.dzvzd6p.mongodb.net
2025-12-21 11:38:50 AM [info]: Server running on port 5000
2025-12-21 11:39:00 AM [info]: MongoDB Connected: ac-bnyjmjh-shard-00-00.dzvzd6p.mongodb.net
2025-12-21 11:39:00 AM [info]: Server running on port 5000
2025-12-21 11:39:46 AM [info]: MongoDB Connected: ac-bnyjmjh-shard-00-00.dzvzd6p.mongodb.net
2025-12-21 11:39:46 AM [info]: Server running on port 5000
2025-12-21 11:43:17 AM [info]: MongoDB Connected: ac-bnyjmjh-shard-00-00.dzvzd6p.mongodb.net
2025-12-21 11:43:17 AM [info]: Server running on port 5000
2025-12-21 12:04:00 PM [info]: MongoDB Connected: ac-bnyjmjh-shard-00-00.dzvzd6p.mongodb.net
2025-12-21 12:04:00 PM [info]: Server running on port 5000
2025-12-25 21:04:58 PM [info]: MongoDB Connected: ac-bnyjmjh-shard-00-00.dzvzd6p.mongodb.net
2025-12-25 21:04:58 PM [info]: Server running on port 5000
2025-12-25 21:05:33 PM [info]: MongoDB Connected: ac-bnyjmjh-shard-00-00.dzvzd6p.mongodb.net
2025-12-25 21:05:33 PM [info]: Server running on port 5000
2025-12-25 21:07:39 PM [info]: MongoDB Connected: ac-bnyjmjh-shard-00-00.dzvzd6p.mongodb.net
2025-12-25 21:07:39 PM [info]: Server running on port 5000
2025-12-25 21:07:45 PM [info]: MongoDB Connected: ac-bnyjmjh-shard-00-00.dzvzd6p.mongodb.net
2025-12-25 21:07:45 PM [info]: Server running on port 5000
2025-12-25 21:07:53 PM [info]: MongoDB Connected: ac-bnyjmjh-shard-00-00.dzvzd6p.mongodb.net
2025-12-25 21:07:53 PM [info]: Server running on port 5000
2025-12-25 21:08:10 PM [info]: MongoDB Connected: ac-bnyjmjh-shard-00-00.dzvzd6p.mongodb.net
2025-12-25 21:08:10 PM [info]: Server running on port 5000
2025-12-25 21:12:32 PM [info]: MongoDB Connected: ac-bnyjmjh-shard-00-00.dzvzd6p.mongodb.net
2025-12-25 21:12:32 PM [info]: Server running on port 5000
2025-12-25 21:12:49 PM [info]: MongoDB Connected: ac-bnyjmjh-shard-00-00.dzvzd6p.mongodb.net
2025-12-25 21:12:49 PM [info]: Server running on port 5000
2025-12-25 21:14:23 PM [info]: MongoDB Connected: ac-bnyjmjh-shard-00-00.dzvzd6p.mongodb.net
2025-12-25 21:14:23 PM [info]: Server running on port 5000
2025-12-25 21:15:30 PM [info]: MongoDB Connected: ac-bnyjmjh-shard-00-00.dzvzd6p.mongodb.net
2025-12-25 21:15:30 PM [info]: Server running on port 5000
2025-12-25 21:15:36 PM [info]: MongoDB Connected: ac-bnyjmjh-shard-00-00.dzvzd6p.mongodb.net
2025-12-25 21:15:36 PM [info]: Server running on port 5000
2025-12-25 21:15:43 PM [info]: MongoDB Connected: ac-bnyjmjh-shard-00-00.dzvzd6p.mongodb.net
2025-12-25 21:15:43 PM [info]: Server running on port 5000
2025-12-25 21:15:55 PM [info]: MongoDB Connected: ac-bnyjmjh-shard-00-00.dzvzd6p.mongodb.net
2025-12-25 21:15:55 PM [info]: Server running on port 5000
2025-12-25 21:23:10 PM [info]: MongoDB Connected: ac-bnyjmjh-shard-00-00.dzvzd6p.mongodb.net
2025-12-25 21:23:10 PM [info]: Server running on port 5000
2025-12-26 19:17:11 PM [info]: MongoDB Connected: ac-bnyjmjh-shard-00-00.dzvzd6p.mongodb.net
2025-12-26 19:17:11 PM [info]: Server running on port 5000
